edrei, 35011, Sun Aug 30 16:44:37 2015

Avatar 0 tries to move by direction 8
Avatar 0 is now at x: 2 and y: 0
Avatar 1 is now at x: 2 and y: 5
Avatar 2 is now at x: 4 and y: 4

Avatar 2 tries to move by direction 3
Avatar 0 is now at x: 2 and y: 0
Avatar 1 is now at x: 2 and y: 5
Avatar 2 is now at x: 5 and y: 4

Avatar 0 tries to move by direction 8
Avatar 0 is now at x: 2 and y: 0
Avatar 1 is now at x: 2 and y: 5
Avatar 2 is now at x: 5 and y: 4

Avatar 2 tries to move by direction 2
Avatar 0 is now at x: 2 and y: 0
Avatar 1 is now at x: 2 and y: 5
Avatar 2 is now at x: 5 and y: 4

Avatar 0 tries to move by direction 8
Avatar 0 is now at x: 2 and y: 0
Avatar 1 is now at x: 1 and y: 5
Avatar 2 is now at x: 5 and y: 4

Avatar 2 tries to move by direction 1
Avatar 0 is now at x: 2 and y: 0
Avatar 1 is now at x: 1 and y: 5
Avatar 2 is now at x: 5 and y: 3

Avatar 0 tries to move by direction 8
Avatar 0 is now at x: 2 and y: 0
Avatar 1 is now at x: 1 and y: 5
Avatar 2 is now at x: 5 and y: 3

Avatar 2 tries to move by direction 1
Avatar 0 is now at x: 2 and y: 0
Avatar 1 is now at x: 1 and y: 5
Avatar 2 is now at x: 5 and y: 2

Avatar 0 tries to move by direction 8
Avatar 0 is now at x: 2 and y: 0
Avatar 1 is now at x: 1 and y: 5
Avatar 2 is now at x: 5 and y: 2

Avatar 2 tries to move by direction 1
Avatar 0 is now at x: 2 and y: 0
Avatar 1 is now at x: 1 and y: 5
Avatar 2 is now at x: 5 and y: 1

Avatar 0 tries to move by direction 8
Avatar 0 is now at x: 2 and y: 0
Avatar 1 is now at x: 1 and y: 5
Avatar 2 is now at x: 5 and y: 1

Avatar 2 tries to move by direction 1
Avatar 0 is now at x: 2 and y: 0
Avatar 1 is now at x: 1 and y: 6
Avatar 2 is now at x: 5 and y: 0

Avatar 0 tries to move by direction 8
Avatar 0 is now at x: 2 and y: 0
Avatar 1 is now at x: 1 and y: 6
Avatar 2 is now at x: 5 and y: 0

Avatar 2 tries to move by direction 0
Avatar 0 is now at x: 2 and y: 0
Avatar 1 is now at x: 0 and y: 6
Avatar 2 is now at x: 4 and y: 0

Avatar 0 tries to move by direction 8
Avatar 0 is now at x: 2 and y: 0
Avatar 1 is now at x: 0 and y: 6
Avatar 2 is now at x: 4 and y: 0

Avatar 2 tries to move by direction 0
Avatar 0 is now at x: 2 and y: 0
Avatar 1 is now at x: 0 and y: 5
Avatar 2 is now at x: 4 and y: 0

Avatar 0 tries to move by direction 8
Avatar 0 is now at x: 2 and y: 0
Avatar 1 is now at x: 0 and y: 5
Avatar 2 is now at x: 4 and y: 0

Avatar 2 tries to move by direction 2
Avatar 0 is now at x: 2 and y: 0
Avatar 1 is now at x: 0 and y: 4
Avatar 2 is now at x: 4 and y: 1

Avatar 0 tries to move by direction 8
Avatar 0 is now at x: 2 and y: 0
Avatar 1 is now at x: 0 and y: 4
Avatar 2 is now at x: 4 and y: 1

Avatar 2 tries to move by direction 0
Avatar 0 is now at x: 2 and y: 0
Avatar 1 is now at x: 0 and y: 4
Avatar 2 is now at x: 3 and y: 1

Avatar 0 tries to move by direction 8
Avatar 0 is now at x: 2 and y: 0
Avatar 1 is now at x: 0 and y: 4
Avatar 2 is now at x: 3 and y: 1

Avatar 2 tries to move by direction 1
Avatar 0 is now at x: 2 and y: 0
Avatar 1 is now at x: 0 and y: 3
Avatar 2 is now at x: 3 and y: 1

Avatar 0 tries to move by direction 8
Avatar 0 is now at x: 2 and y: 0
Avatar 1 is now at x: 0 and y: 3
Avatar 2 is now at x: 3 and y: 1

Avatar 2 tries to move by direction 0
Avatar 0 is now at x: 2 and y: 0
Avatar 1 is now at x: 0 and y: 3
Avatar 2 is now at x: 2 and y: 1

Avatar 0 tries to move by direction 8
Avatar 0 is now at x: 2 and y: 0
Avatar 1 is now at x: 0 and y: 3
Avatar 2 is now at x: 2 and y: 1

Avatar 1 tries to move by direction 1
Avatar 0 is now at x: 2 and y: 0
Avatar 1 is now at x: 0 and y: 2
Avatar 2 is now at x: 2 and y: 1

Avatar 2 tries to move by direction 1
Avatar 0 is now at x: 2 and y: 0
Avatar 1 is now at x: 0 and y: 2
Avatar 2 is now at x: 2 and y: 0

Avatar 0 tries to move by direction 8
Avatar 0 is now at x: 2 and y: 0
Avatar 1 is now at x: 0 and y: 2
Avatar 2 is now at x: 2 and y: 0

Avatar 2 tries to move by direction 8
Avatar 0 is now at x: 2 and y: 0
Avatar 1 is now at x: 1 and y: 2
Avatar 2 is now at x: 2 and y: 0

Avatar 0 tries to move by direction 8
Avatar 0 is now at x: 2 and y: 0
Avatar 1 is now at x: 1 and y: 2
Avatar 2 is now at x: 2 and y: 0

Avatar 2 tries to move by direction 8
Avatar 0 is now at x: 2 and y: 0
Avatar 1 is now at x: 1 and y: 2
Avatar 2 is now at x: 2 and y: 0

Avatar 0 tries to move by direction 8
Avatar 0 is now at x: 2 and y: 0
Avatar 1 is now at x: 1 and y: 2
Avatar 2 is now at x: 2 and y: 0

Avatar 2 tries to move by direction 8
Avatar 0 is now at x: 2 and y: 0
Avatar 1 is now at x: 2 and y: 2
Avatar 2 is now at x: 2 and y: 0

Avatar 0 tries to move by direction 8
Avatar 0 is now at x: 2 and y: 0
Avatar 1 is now at x: 2 and y: 2
Avatar 2 is now at x: 2 and y: 0

Avatar 2 tries to move by direction 8
Avatar 0 is now at x: 2 and y: 0
Avatar 1 is now at x: 2 and y: 3
Avatar 2 is now at x: 2 and y: 0

Avatar 0 tries to move by direction 8
Avatar 0 is now at x: 2 and y: 0
Avatar 1 is now at x: 2 and y: 3
Avatar 2 is now at x: 2 and y: 0

Avatar 2 tries to move by direction 8
Avatar 0 is now at x: 2 and y: 0
Avatar 1 is now at x: 2 and y: 3
Avatar 2 is now at x: 2 and y: 0

Avatar 1 tries to move by direction 2
Avatar 0 is now at x: 2 and y: 0
Avatar 1 is now at x: 2 and y: 3
Avatar 2 is now at x: 2 and y: 0

Avatar 2 tries to move by direction 8
Avatar 0 is now at x: 2 and y: 0
Avatar 1 is now at x: 2 and y: 3
Avatar 2 is now at x: 2 and y: 0

Avatar 2 tries to move by direction 8
Avatar 0 is now at x: 2 and y: 0
Avatar 1 is now at x: 3 and y: 3
Avatar 2 is now at x: 2 and y: 0

Avatar 2 tries to move by direction 8
Avatar 0 is now at x: 2 and y: 0
Avatar 1 is now at x: 3 and y: 3
Avatar 2 is now at x: 2 and y: 0

Avatar 2 tries to move by direction 8
Avatar 0 is now at x: 2 and y: 0
Avatar 1 is now at x: 4 and y: 3
Avatar 2 is now at x: 2 and y: 0

Avatar 2 tries to move by direction 8
Avatar 0 is now at x: 2 and y: 0
Avatar 1 is now at x: 4 and y: 3
Avatar 2 is now at x: 2 and y: 0

Avatar 2 tries to move by direction 8
Avatar 0 is now at x: 2 and y: 0
Avatar 1 is now at x: 4 and y: 3
Avatar 2 is now at x: 2 and y: 0

Avatar 2 tries to move by direction 8
Avatar 0 is now at x: 2 and y: 0
Avatar 1 is now at x: 4 and y: 2
Avatar 2 is now at x: 2 and y: 0

Avatar 2 tries to move by direction 8
Avatar 0 is now at x: 2 and y: 0
Avatar 1 is now at x: 4 and y: 2
Avatar 2 is now at x: 2 and y: 0

Avatar 2 tries to move by direction 8
Avatar 0 is now at x: 2 and y: 0
Avatar 1 is now at x: 4 and y: 2
Avatar 2 is now at x: 2 and y: 0

Avatar 2 tries to move by direction 8
Avatar 0 is now at x: 2 and y: 0
Avatar 1 is now at x: 3 and y: 2
Avatar 2 is now at x: 2 and y: 0

Avatar 2 tries to move by direction 8
Avatar 0 is now at x: 2 and y: 0
Avatar 1 is now at x: 3 and y: 2
Avatar 2 is now at x: 2 and y: 0

Avatar 1 tries to move by direction 0
Avatar 0 is now at x: 2 and y: 0
Avatar 1 is now at x: 3 and y: 2
Avatar 2 is now at x: 2 and y: 0

Avatar 2 tries to move by direction 8
Avatar 0 is now at x: 2 and y: 0
Avatar 1 is now at x: 3 and y: 2
Avatar 2 is now at x: 2 and y: 0

Avatar 1 tries to move by direction 2
Avatar 0 is now at x: 2 and y: 0
Avatar 1 is now at x: 3 and y: 2
Avatar 2 is now at x: 2 and y: 0

Avatar 2 tries to move by direction 8
Avatar 0 is now at x: 2 and y: 0
Avatar 1 is now at x: 3 and y: 2
Avatar 2 is now at x: 2 and y: 0

Avatar 1 tries to move by direction 3
Avatar 0 is now at x: 2 and y: 0
Avatar 1 is now at x: 4 and y: 2
Avatar 2 is now at x: 2 and y: 0

Avatar 2 tries to move by direction 8
Avatar 0 is now at x: 2 and y: 0
Avatar 1 is now at x: 4 and y: 2
Avatar 2 is now at x: 2 and y: 0

Avatar 1 tries to move by direction 2
Avatar 0 is now at x: 2 and y: 0
Avatar 1 is now at x: 4 and y: 3
Avatar 2 is now at x: 2 and y: 0

Avatar 2 tries to move by direction 8
Avatar 0 is now at x: 2 and y: 0
Avatar 1 is now at x: 4 and y: 3
Avatar 2 is now at x: 2 and y: 0

Avatar 1 tries to move by direction 0
Avatar 0 is now at x: 2 and y: 0
Avatar 1 is now at x: 3 and y: 3
Avatar 2 is now at x: 2 and y: 0

Avatar 2 tries to move by direction 8
Avatar 0 is now at x: 2 and y: 0
Avatar 1 is now at x: 3 and y: 3
Avatar 2 is now at x: 2 and y: 0

Avatar 2 tries to move by direction 8
Avatar 0 is now at x: 2 and y: 0
Avatar 1 is now at x: 2 and y: 3
Avatar 2 is now at x: 2 and y: 0

Avatar 2 tries to move by direction 8
Avatar 0 is now at x: 2 and y: 0
Avatar 1 is now at x: 2 and y: 2
Avatar 2 is now at x: 2 and y: 0

Avatar 2 tries to move by direction 8
Avatar 0 is now at x: 2 and y: 0
Avatar 1 is now at x: 2 and y: 2
Avatar 2 is now at x: 2 and y: 0

Avatar 2 tries to move by direction 8
Avatar 0 is now at x: 2 and y: 0
Avatar 1 is now at x: 1 and y: 2
Avatar 2 is now at x: 2 and y: 0

Avatar 2 tries to move by direction 8
Avatar 0 is now at x: 2 and y: 0
Avatar 1 is now at x: 1 and y: 1
Avatar 2 is now at x: 2 and y: 0

Avatar 2 tries to move by direction 8
Avatar 0 is now at x: 2 and y: 0
Avatar 1 is now at x: 1 and y: 1
Avatar 2 is now at x: 2 and y: 0

Avatar 2 tries to move by direction 8
Avatar 0 is now at x: 2 and y: 0
Avatar 1 is now at x: 1 and y: 0
Avatar 2 is now at x: 2 and y: 0

Maze solved for 3 avatars and 1 difficulty in 124 moves.
Success code: 772238525
