edrei, 45572, Sun Aug 30 16:44:34 2015

Avatar 0 tries to move by direction 8
Avatar 0 is now at x: 0 and y: 2
Avatar 1 is now at x: 3 and y: 2

Avatar 1 tries to move by direction 3
Avatar 0 is now at x: 0 and y: 2
Avatar 1 is now at x: 4 and y: 2

Avatar 0 tries to move by direction 8
Avatar 0 is now at x: 0 and y: 2
Avatar 1 is now at x: 4 and y: 2

Avatar 1 tries to move by direction 2
Avatar 0 is now at x: 0 and y: 2
Avatar 1 is now at x: 4 and y: 3

Avatar 0 tries to move by direction 8
Avatar 0 is now at x: 0 and y: 2
Avatar 1 is now at x: 4 and y: 3

Avatar 1 tries to move by direction 0
Avatar 0 is now at x: 0 and y: 2
Avatar 1 is now at x: 3 and y: 3

Avatar 0 tries to move by direction 8
Avatar 0 is now at x: 0 and y: 2
Avatar 1 is now at x: 3 and y: 3

Avatar 1 tries to move by direction 1
Avatar 0 is now at x: 0 and y: 2
Avatar 1 is now at x: 3 and y: 3

Avatar 0 tries to move by direction 8
Avatar 0 is now at x: 0 and y: 2
Avatar 1 is now at x: 3 and y: 3

Avatar 1 tries to move by direction 0
Avatar 0 is now at x: 0 and y: 2
Avatar 1 is now at x: 2 and y: 3

Avatar 0 tries to move by direction 8
Avatar 0 is now at x: 0 and y: 2
Avatar 1 is now at x: 2 and y: 3

Avatar 1 tries to move by direction 1
Avatar 0 is now at x: 0 and y: 2
Avatar 1 is now at x: 2 and y: 3

Avatar 0 tries to move by direction 8
Avatar 0 is now at x: 0 and y: 2
Avatar 1 is now at x: 2 and y: 3

Avatar 1 tries to move by direction 0
Avatar 0 is now at x: 0 and y: 2
Avatar 1 is now at x: 2 and y: 3

Avatar 0 tries to move by direction 8
Avatar 0 is now at x: 0 and y: 2
Avatar 1 is now at x: 2 and y: 3

Avatar 1 tries to move by direction 2
Avatar 0 is now at x: 0 and y: 2
Avatar 1 is now at x: 2 and y: 4

Avatar 0 tries to move by direction 8
Avatar 0 is now at x: 0 and y: 2
Avatar 1 is now at x: 2 and y: 4

Avatar 1 tries to move by direction 0
Avatar 0 is now at x: 0 and y: 2
Avatar 1 is now at x: 1 and y: 4

Avatar 0 tries to move by direction 8
Avatar 0 is now at x: 0 and y: 2
Avatar 1 is now at x: 1 and y: 4

Avatar 1 tries to move by direction 1
Avatar 0 is now at x: 0 and y: 2
Avatar 1 is now at x: 1 and y: 3

Avatar 0 tries to move by direction 8
Avatar 0 is now at x: 0 and y: 2
Avatar 1 is now at x: 1 and y: 3

Avatar 1 tries to move by direction 1
Avatar 0 is now at x: 0 and y: 2
Avatar 1 is now at x: 1 and y: 3

Avatar 0 tries to move by direction 8
Avatar 0 is now at x: 0 and y: 2
Avatar 1 is now at x: 1 and y: 3

Avatar 1 tries to move by direction 0
Avatar 0 is now at x: 0 and y: 2
Avatar 1 is now at x: 0 and y: 3

Avatar 0 tries to move by direction 8
Avatar 0 is now at x: 0 and y: 2
Avatar 1 is now at x: 0 and y: 3

Maze solved for 2 avatars and 0 difficulty in 25 moves.
Success code: 1131365853
